mode: set
github.com/appletreecy/golang_web/cmd/web/main.go:24.13,27.16 2 0
github.com/appletreecy/golang_web/cmd/web/main.go:27.16,29.3 1 0
github.com/appletreecy/golang_web/cmd/web/main.go:31.2,40.16 4 0
github.com/appletreecy/golang_web/cmd/web/main.go:40.16,42.3 1 0
github.com/appletreecy/golang_web/cmd/web/main.go:45.18,62.16 10 1
github.com/appletreecy/golang_web/cmd/web/main.go:62.16,65.3 2 0
github.com/appletreecy/golang_web/cmd/web/main.go:67.2,75.12 6 1
github.com/appletreecy/golang_web/cmd/web/middleware.go:10.53,11.71 1 1
github.com/appletreecy/golang_web/cmd/web/middleware.go:11.71,14.3 2 0
github.com/appletreecy/golang_web/cmd/web/middleware.go:18.45,28.2 3 1
github.com/appletreecy/golang_web/cmd/web/middleware.go:31.50,33.2 1 1
github.com/appletreecy/golang_web/cmd/web/routes.go:12.49,43.2 19 1
